[2021-09-04T15:27:24.064] [ERROR] error - ReferenceError: skipIndex is not defined
    at C:\project\vue项目\vue3-koa2\manager-server\routes\menu.js:11:44
    at dispatch (C:\project\vue项目\vue3-koa2\manager-server\node_modules\koa-compose\index.js:44:32)
    at next (C:\project\vue项目\vue3-koa2\manager-server\node_modules\koa-compose\index.js:45:18)
    at C:\project\vue项目\vue3-koa2\manager-server\node_modules\koa-router\lib\router.js:346:16
    at dispatch (C:\project\vue项目\vue3-koa2\manager-server\node_modules\koa-compose\index.js:44:32)
    at C:\project\vue项目\vue3-koa2\manager-server\node_modules\koa-compose\index.js:36:12
    at dispatch (C:\project\vue项目\vue3-koa2\manager-server\node_modules\koa-router\lib\router.js:351:31)
    at dispatch (C:\project\vue项目\vue3-koa2\manager-server\node_modules\koa\node_modules\koa-compose\index.js:42:32)
    at dispatch (C:\project\vue项目\vue3-koa2\manager-server\node_modules\koa-router\lib\router.js:332:32)
    at dispatch (C:\project\vue项目\vue3-koa2\manager-server\node_modules\koa\node_modules\koa-compose\index.js:42:32)
    at jwt (C:\project\vue项目\vue3-koa2\manager-server\node_modules\_koa-jwt@4.0.1@koa-jwt\lib\index.js:73:16)
    at async C:\project\vue项目\vue3-koa2\manager-server\app.js:30:3
    at async serve (C:\project\vue项目\vue3-koa2\manager-server\node_modules\koa-static\index.js:53:9)
    at async bodyParser (C:\project\vue项目\vue3-koa2\manager-server\node_modules\koa-bodyparser\index.js:95:5)
[2021-09-04T15:27:24.083] [ERROR] error - ReferenceError: skipIndex is not defined
    at C:\project\vue项目\vue3-koa2\manager-server\routes\menu.js:11:44
    at dispatch (C:\project\vue项目\vue3-koa2\manager-server\node_modules\koa-compose\index.js:44:32)
    at next (C:\project\vue项目\vue3-koa2\manager-server\node_modules\koa-compose\index.js:45:18)
    at C:\project\vue项目\vue3-koa2\manager-server\node_modules\koa-router\lib\router.js:346:16
    at dispatch (C:\project\vue项目\vue3-koa2\manager-server\node_modules\koa-compose\index.js:44:32)
    at C:\project\vue项目\vue3-koa2\manager-server\node_modules\koa-compose\index.js:36:12
    at dispatch (C:\project\vue项目\vue3-koa2\manager-server\node_modules\koa-router\lib\router.js:351:31)
    at dispatch (C:\project\vue项目\vue3-koa2\manager-server\node_modules\koa\node_modules\koa-compose\index.js:42:32)
    at dispatch (C:\project\vue项目\vue3-koa2\manager-server\node_modules\koa-router\lib\router.js:332:32)
    at dispatch (C:\project\vue项目\vue3-koa2\manager-server\node_modules\koa\node_modules\koa-compose\index.js:42:32)
    at jwt (C:\project\vue项目\vue3-koa2\manager-server\node_modules\_koa-jwt@4.0.1@koa-jwt\lib\index.js:73:16)
    at async C:\project\vue项目\vue3-koa2\manager-server\app.js:30:3
    at async serve (C:\project\vue项目\vue3-koa2\manager-server\node_modules\koa-static\index.js:53:9)
    at async bodyParser (C:\project\vue项目\vue3-koa2\manager-server\node_modules\koa-bodyparser\index.js:95:5)
[2021-09-04T16:15:16.833] [ERROR] error - ReferenceError: treeMenu is not defined
    at C:\project\vue项目\vue3-koa2\manager-server\routes\menu.js:12:16
    at processTicksAndRejections (internal/process/task_queues.js:93:5)
    at async C:\project\vue项目\vue3-koa2\manager-server\app.js:30:3
    at async serve (C:\project\vue项目\vue3-koa2\manager-server\node_modules\koa-static\index.js:53:9)
    at async bodyParser (C:\project\vue项目\vue3-koa2\manager-server\node_modules\koa-bodyparser\index.js:95:5)
[2021-09-04T16:15:24.098] [ERROR] error - ReferenceError: treeMenu is not defined
    at C:\project\vue项目\vue3-koa2\manager-server\routes\menu.js:12:16
    at processTicksAndRejections (internal/process/task_queues.js:93:5)
    at async C:\project\vue项目\vue3-koa2\manager-server\app.js:30:3
    at async serve (C:\project\vue项目\vue3-koa2\manager-server\node_modules\koa-static\index.js:53:9)
    at async bodyParser (C:\project\vue项目\vue3-koa2\manager-server\node_modules\koa-bodyparser\index.js:95:5)
[2021-09-04T17:09:22.063] [ERROR] error - ReferenceError: userId is not defined
    at C:\project\vue项目\vue3-koa2\manager-server\routes\menu.js:10:37
    at dispatch (C:\project\vue项目\vue3-koa2\manager-server\node_modules\koa-compose\index.js:44:32)
    at next (C:\project\vue项目\vue3-koa2\manager-server\node_modules\koa-compose\index.js:45:18)
    at C:\project\vue项目\vue3-koa2\manager-server\node_modules\koa-router\lib\router.js:346:16
    at dispatch (C:\project\vue项目\vue3-koa2\manager-server\node_modules\koa-compose\index.js:44:32)
    at C:\project\vue项目\vue3-koa2\manager-server\node_modules\koa-compose\index.js:36:12
    at dispatch (C:\project\vue项目\vue3-koa2\manager-server\node_modules\koa-router\lib\router.js:351:31)
    at dispatch (C:\project\vue项目\vue3-koa2\manager-server\node_modules\koa\node_modules\koa-compose\index.js:42:32)
    at dispatch (C:\project\vue项目\vue3-koa2\manager-server\node_modules\koa-router\lib\router.js:332:32)
    at dispatch (C:\project\vue项目\vue3-koa2\manager-server\node_modules\koa\node_modules\koa-compose\index.js:42:32)
    at jwt (C:\project\vue项目\vue3-koa2\manager-server\node_modules\_koa-jwt@4.0.1@koa-jwt\lib\index.js:73:16)
    at async C:\project\vue项目\vue3-koa2\manager-server\app.js:30:3
    at async serve (C:\project\vue项目\vue3-koa2\manager-server\node_modules\koa-static\index.js:53:9)
    at async bodyParser (C:\project\vue项目\vue3-koa2\manager-server\node_modules\koa-bodyparser\index.js:95:5)
[2021-09-04T17:10:29.379] [ERROR] error - ReferenceError: userName is not defined
    at C:\project\vue项目\vue3-koa2\manager-server\routes\menu.js:9:35
    at dispatch (C:\project\vue项目\vue3-koa2\manager-server\node_modules\koa-compose\index.js:44:32)
    at next (C:\project\vue项目\vue3-koa2\manager-server\node_modules\koa-compose\index.js:45:18)
    at C:\project\vue项目\vue3-koa2\manager-server\node_modules\koa-router\lib\router.js:346:16
    at dispatch (C:\project\vue项目\vue3-koa2\manager-server\node_modules\koa-compose\index.js:44:32)
    at C:\project\vue项目\vue3-koa2\manager-server\node_modules\koa-compose\index.js:36:12
    at dispatch (C:\project\vue项目\vue3-koa2\manager-server\node_modules\koa-router\lib\router.js:351:31)
    at dispatch (C:\project\vue项目\vue3-koa2\manager-server\node_modules\koa\node_modules\koa-compose\index.js:42:32)
    at dispatch (C:\project\vue项目\vue3-koa2\manager-server\node_modules\koa-router\lib\router.js:332:32)
    at dispatch (C:\project\vue项目\vue3-koa2\manager-server\node_modules\koa\node_modules\koa-compose\index.js:42:32)
    at jwt (C:\project\vue项目\vue3-koa2\manager-server\node_modules\_koa-jwt@4.0.1@koa-jwt\lib\index.js:73:16)
    at async C:\project\vue项目\vue3-koa2\manager-server\app.js:30:3
    at async serve (C:\project\vue项目\vue3-koa2\manager-server\node_modules\koa-static\index.js:53:9)
    at async bodyParser (C:\project\vue项目\vue3-koa2\manager-server\node_modules\koa-bodyparser\index.js:95:5)
[2021-09-04T20:26:12.595] [ERROR] error - ReferenceError: Menu is not defined
    at C:\project\vue项目\vue3-koa2\manager-server\routes\role.js:16:20
    at dispatch (C:\project\vue项目\vue3-koa2\manager-server\node_modules\koa-compose\index.js:44:32)
    at next (C:\project\vue项目\vue3-koa2\manager-server\node_modules\koa-compose\index.js:45:18)
    at C:\project\vue项目\vue3-koa2\manager-server\node_modules\koa-router\lib\router.js:346:16
    at dispatch (C:\project\vue项目\vue3-koa2\manager-server\node_modules\koa-compose\index.js:44:32)
    at C:\project\vue项目\vue3-koa2\manager-server\node_modules\koa-compose\index.js:36:12
    at dispatch (C:\project\vue项目\vue3-koa2\manager-server\node_modules\koa-router\lib\router.js:351:31)
    at dispatch (C:\project\vue项目\vue3-koa2\manager-server\node_modules\koa\node_modules\koa-compose\index.js:42:32)
    at dispatch (C:\project\vue项目\vue3-koa2\manager-server\node_modules\koa-router\lib\router.js:332:32)
    at dispatch (C:\project\vue项目\vue3-koa2\manager-server\node_modules\koa\node_modules\koa-compose\index.js:42:32)
    at dispatch (C:\project\vue项目\vue3-koa2\manager-server\node_modules\koa-router\lib\router.js:332:32)
    at dispatch (C:\project\vue项目\vue3-koa2\manager-server\node_modules\koa\node_modules\koa-compose\index.js:42:32)
    at jwt (C:\project\vue项目\vue3-koa2\manager-server\node_modules\_koa-jwt@4.0.1@koa-jwt\lib\index.js:73:16)
    at async C:\project\vue项目\vue3-koa2\manager-server\app.js:31:3
    at async serve (C:\project\vue项目\vue3-koa2\manager-server\node_modules\koa-static\index.js:53:9)
    at async bodyParser (C:\project\vue项目\vue3-koa2\manager-server\node_modules\koa-bodyparser\index.js:95:5)
